<?xml version="1.0" encoding="UTF-8"?>
<testsuite name="com.bridgelabz.LinkedListTester" tests="1" skipped="0" failures="0" errors="0" timestamp="2021-04-16T17:24:16" hostname="mkv" time="0.042">
  <properties/>
  <testcase name="testSearchNode()" classname="com.bridgelabz.LinkedListTester" time="0.042"/>
  <system-out><![CDATA[]]></system-out>
  <system-err><![CDATA[]]></system-err>
</testsuite>
