<?xml version="1.0" encoding="UTF-8"?>
<testsuite name="com.bridgelabz.LinkedListTester" tests="1" skipped="0" failures="0" errors="0" timestamp="2021-04-16T11:04:28" hostname="mkv" time="0.097">
  <properties/>
  <testcase name="Testadd()" classname="com.bridgelabz.LinkedListTester" time="0.097"/>
  <system-out><![CDATA[70->56->30
]]></system-out>
  <system-err><![CDATA[]]></system-err>
</testsuite>
