<?xml version="1.0" encoding="UTF-8"?>
<testsuite name="com.bridgelabz.LinkedListTester" tests="1" skipped="0" failures="0" errors="0" timestamp="2021-04-16T11:23:08" hostname="mkv" time="0.1">
  <properties/>
  <testcase name="Testadd()" classname="com.bridgelabz.LinkedListTester" time="0.1"/>
  <system-out><![CDATA[56->30->70
]]></system-out>
  <system-err><![CDATA[]]></system-err>
</testsuite>
